<?xml version="1.0" encoding="UTF-8"?>
<!-- Generated by org.testng.reporters.JUnitXMLReporter -->
<testsuite hostname="DESKTOP-2ED4479" ignored="3" name="Default test" tests="1" failures="0" timestamp="2020-07-21T21:47:56 IST" time="0.614" errors="0">
  <testcase name="validatepostmethodusingpojostyle" time="0.512" classname="com.api.httptests.HttpgetmethodTest"/>
  <testcase name="validatepostuserdetails" time="0.0" classname="com.api.httptests.HttpgetmethodTest">
    <ignored/>
  </testcase> <!-- validatepostuserdetails -->
  <testcase name="httpgettest" time="0.0" classname="com.api.httptests.HttpgetmethodTest">
    <ignored/>
  </testcase> <!-- httpgettest -->
  <testcase name="validateapiwitheaders" time="0.0" classname="com.api.httptests.HttpgetmethodTest">
    <ignored/>
  </testcase> <!-- validateapiwitheaders -->
</testsuite> <!-- Default test -->
