<?xml version="1.0" encoding="UTF-8"?>
<!-- Generated by org.testng.reporters.JUnitXMLReporter -->
<testsuite hostname="DESKTOP-2ED4479" ignored="1" name="Test" tests="1" failures="0" timestamp="2020-07-18T23:44:49 IST" time="3.721" errors="0">
  <testcase name="validateapiwitheaders" time="3.504" classname="com.api.httptests.HttpgetmethodTest"/>
  <testcase name="httpgettest" time="0.0" classname="com.api.httptests.HttpgetmethodTest">
    <ignored/>
  </testcase> <!-- httpgettest -->
</testsuite> <!-- Test -->
