<?xml version="1.0" encoding="UTF-8"?>
<!-- Generated by org.testng.reporters.JUnitXMLReporter -->
<testsuite hostname="DESKTOP-2ED4479" ignored="2" name="Test" tests="1" failures="0" timestamp="2020-07-19T22:40:35 IST" time="1.288" errors="0">
  <testcase name="validatepostuserdetails" time="1.188" classname="com.api.httptests.HttpgetmethodTest"/>
  <testcase name="httpgettest" time="0.0" classname="com.api.httptests.HttpgetmethodTest">
    <ignored/>
  </testcase> <!-- httpgettest -->
  <testcase name="validateapiwitheaders" time="0.0" classname="com.api.httptests.HttpgetmethodTest">
    <ignored/>
  </testcase> <!-- validateapiwitheaders -->
</testsuite> <!-- Test -->
