<?xml version="1.0" encoding="UTF-8"?>
<testng-results skipped="0" failed="0" ignored="1" total="2" passed="1">
  <reporter-output>
  </reporter-output>
  <suite name="Suite" duration-ms="2581" started-at="2020-07-18T23:53:20 IST" finished-at="2020-07-18T23:53:23 IST">
    <groups>
    </groups>
    <test name="Test" duration-ms="2581" started-at="2020-07-18T23:53:20 IST" finished-at="2020-07-18T23:53:23 IST">
      <class name="com.api.httptests.HttpgetmethodTest">
        <test-method status="PASS" signature="setup()[pri:0, instance:com.api.httptests.HttpgetmethodTest@5419f379]" name="setup" is-config="true" duration-ms="21" started-at="2020-07-18T23:53:20 IST" finished-at="2020-07-18T23:53:20 IST">
          <reporter-output>
          </reporter-output>
        </test-method> <!-- setup -->
        <test-method status="PASS" signature="validateapiwitheaders()[pri:0, instance:com.api.httptests.HttpgetmethodTest@5419f379]" name="validateapiwitheaders" duration-ms="2458" started-at="2020-07-18T23:53:20 IST" finished-at="2020-07-18T23:53:23 IST">
          <reporter-output>
          </reporter-output>
        </test-method> <!-- validateapiwitheaders -->
      </class> <!-- com.api.httptests.HttpgetmethodTest -->
    </test> <!-- Test -->
  </suite> <!-- Suite -->
</testng-results>
