<?xml version="1.0" encoding="UTF-8"?>
<testng-results skipped="0" failed="0" ignored="0" total="1" passed="1">
  <reporter-output>
  </reporter-output>
  <suite name="Default suite" duration-ms="1933" started-at="2020-07-12T23:10:30 IST" finished-at="2020-07-12T23:10:32 IST">
    <groups>
    </groups>
    <test name="Default test" duration-ms="1933" started-at="2020-07-12T23:10:30 IST" finished-at="2020-07-12T23:10:32 IST">
      <class name="com.api.httptests.HttpgetmethodTest">
        <test-method status="PASS" signature="setup()[pri:0, instance:com.api.httptests.HttpgetmethodTest@2286778]" name="setup" is-config="true" duration-ms="16" started-at="2020-07-12T23:10:30 IST" finished-at="2020-07-12T23:10:30 IST">
          <reporter-output>
          </reporter-output>
        </test-method> <!-- setup -->
        <test-method status="PASS" signature="httpgettest()[pri:0, instance:com.api.httptests.HttpgetmethodTest@2286778]" name="httpgettest" duration-ms="1841" started-at="2020-07-12T23:10:30 IST" finished-at="2020-07-12T23:10:32 IST">
          <reporter-output>
          </reporter-output>
        </test-method> <!-- httpgettest -->
      </class> <!-- com.api.httptests.HttpgetmethodTest -->
    </test> <!-- Default test -->
  </suite> <!-- Default suite -->
</testng-results>
