<?xml version="1.0" encoding="UTF-8"?>
<testng-results skipped="0" failed="0" ignored="3" total="4" passed="1">
  <reporter-output>
  </reporter-output>
  <suite name="Suite" duration-ms="3948" started-at="2020-07-21T23:07:16 IST" finished-at="2020-07-21T23:07:20 IST">
    <groups>
    </groups>
    <test name="Test" duration-ms="3948" started-at="2020-07-21T23:07:16 IST" finished-at="2020-07-21T23:07:20 IST">
      <class name="com.api.httptests.HttpgetmethodTest">
        <test-method status="PASS" signature="setup()[pri:0, instance:com.api.httptests.HttpgetmethodTest@67b92f0a]" name="setup" is-config="true" duration-ms="84" started-at="2020-07-21T23:07:16 IST" finished-at="2020-07-21T23:07:16 IST">
          <reporter-output>
          </reporter-output>
        </test-method> <!-- setup -->
        <test-method status="PASS" signature="validatepostmethodusingpojostyle()[pri:0, instance:com.api.httptests.HttpgetmethodTest@67b92f0a]" name="validatepostmethodusingpojostyle" duration-ms="3787" started-at="2020-07-21T23:07:16 IST" finished-at="2020-07-21T23:07:20 IST">
          <reporter-output>
          </reporter-output>
        </test-method> <!-- validatepostmethodusingpojostyle -->
      </class> <!-- com.api.httptests.HttpgetmethodTest -->
    </test> <!-- Test -->
  </suite> <!-- Suite -->
</testng-results>
